android/app/build/intermediates/manifest_merge_blame_file/release/manifest-merger-blame-release-report.txt
1<?xml version="1.0" encoding="utf-8"?>
2<manifest xmlns:android="http://schemas.android.com/apk/res/android"
3    package="com.demoapp"
4    android:versionCode="1"
5    android:versionName="1.0" >
6
7    <uses-sdk
8        android:minSdkVersion="21"
8-->src\main\AndroidManifest.xml
9        android:targetSdkVersion="33" />
9-->src\main\AndroidManifest.xml
10
11    <uses-permission android:name="android.permission.INTERNET" />
11-->src\main\AndroidManifest.xml:3:5-67
11-->src\main\AndroidManifest.xml:3:22-64
12    <uses-permission android:name="android.permission.CAMERA" />
12-->src\main\AndroidManifest.xml:4:5-64
12-->src\main\AndroidManifest.xml:4:22-62
13    <uses-permission android:name="android.permission.WRITE_EXTERNAL_STORAGE" />
13-->src\main\AndroidManifest.xml:5:5-80
13-->src\main\AndroidManifest.xml:5:22-78
14    <uses-permission android:name="android.permission.READ_EXTERNAL_STORAGE" />
14-->src\main\AndroidManifest.xml:6:5-79
14-->src\main\AndroidManifest.xml:6:22-77
15    <uses-permission android:name="android.permission.READ_MEDIA_IMAGES" />
15-->src\main\AndroidManifest.xml:7:5-75
15-->src\main\AndroidManifest.xml:7:22-73
16
17    <uses-feature
17-->src\main\AndroidManifest.xml:8:5-85
18        android:name="android.hardware.camera"
18-->src\main\AndroidManifest.xml:8:19-57
19        android:required="false" />
19-->src\main\AndroidManifest.xml:8:58-82
20    <uses-feature
20-->src\main\AndroidManifest.xml:9:5-91
21        android:name="android.hardware.camera.front"
21-->src\main\AndroidManifest.xml:9:19-63
22        android:required="false" />
22-->src\main\AndroidManifest.xml:9:64-88
23
24    <uses-permission android:name="android.permission.POST_NOTIFICATION" />
24-->src\main\AndroidManifest.xml:10:5-75
24-->src\main\AndroidManifest.xml:10:22-73
25    <uses-permission android:name="android.permission.ACCESS_NETWORK_STATE" />
25-->[:react-native-community_netinfo] AndroidManifest.xml:9:5-79
25-->[:react-native-community_netinfo] AndroidManifest.xml:9:22-76
26    <uses-permission android:name="android.permission.ACCESS_WIFI_STATE" />
26-->[:react-native-community_netinfo] AndroidManifest.xml:10:5-76
26-->[:react-native-community_netinfo] AndroidManifest.xml:10:22-73
27    <uses-permission android:name="android.permission.WAKE_LOCK" />
27-->[:react-native-firebase_auth] AndroidManifest.xml:10:5-68
27-->[:react-native-firebase_auth] AndroidManifest.xml:10:22-65
28
29    <queries>
29-->[:react-native-image-crop-picker] AndroidManifest.xml:9:5-13:15
30        <intent>
30-->[:react-native-image-crop-picker] AndroidManifest.xml:10:9-12:18
31            <action android:name="android.media.action.IMAGE_CAPTURE" />
31-->[:react-native-image-crop-picker] AndroidManifest.xml:11:13-73
31-->[:react-native-image-crop-picker] AndroidManifest.xml:11:21-70
32        </intent>
33        <intent>
33-->[com.razorpay:checkout:1.6.36] AndroidManifest.xml:11:9-17:18
34            <action android:name="android.intent.action.VIEW" />
34-->[com.google.firebase:firebase-auth:22.0.0] AndroidManifest.xml:36:17-69
34-->[com.google.firebase:firebase-auth:22.0.0] AndroidManifest.xml:36:25-66
35
36            <data
36-->[com.google.firebase:firebase-auth:22.0.0] AndroidManifest.xml:41:17-44:51
37                android:mimeType="*/*"
38                android:scheme="*" />
38-->[com.google.firebase:firebase-auth:22.0.0] AndroidManifest.xml:44:21-48
39        </intent>
40        <intent>
40-->[com.razorpay:checkout:1.6.36] AndroidManifest.xml:18:9-27:18
41            <action android:name="android.intent.action.VIEW" />
41-->[com.google.firebase:firebase-auth:22.0.0] AndroidManifest.xml:36:17-69
41-->[com.google.firebase:firebase-auth:22.0.0] AndroidManifest.xml:36:25-66
42
43            <category android:name="android.intent.category.BROWSABLE" />
43-->[com.google.firebase:firebase-auth:22.0.0] AndroidManifest.xml:39:17-78
43-->[com.google.firebase:firebase-auth:22.0.0] AndroidManifest.xml:39:27-75
44
45            <data
45-->[com.google.firebase:firebase-auth:22.0.0] AndroidManifest.xml:41:17-44:51
46                android:host="pay"
46-->[com.google.firebase:firebase-auth:22.0.0] AndroidManifest.xml:42:21-49
47                android:mimeType="*/*"
48                android:scheme="upi" />
48-->[com.google.firebase:firebase-auth:22.0.0] AndroidManifest.xml:44:21-48
49        </intent>
50        <intent>
50-->[com.razorpay:checkout:1.6.36] AndroidManifest.xml:28:9-30:18
51            <action android:name="android.intent.action.MAIN" />
51-->src\main\AndroidManifest.xml:26:13-65
51-->src\main\AndroidManifest.xml:26:21-62
52        </intent>
53        <intent>
53-->[com.razorpay:checkout:1.6.36] AndroidManifest.xml:31:9-35:18
54            <action android:name="android.intent.action.SEND" />
54-->[com.razorpay:checkout:1.6.36] AndroidManifest.xml:32:13-65
54-->[com.razorpay:checkout:1.6.36] AndroidManifest.xml:32:21-62
55
56            <data android:mimeType="*/*" />
56-->[com.google.firebase:firebase-auth:22.0.0] AndroidManifest.xml:41:17-44:51
57        </intent>
58        <intent>
58-->[com.razorpay:checkout:1.6.36] AndroidManifest.xml:36:9-38:18
59            <action android:name="rzp.device_token.share" />
59-->[com.razorpay:checkout:1.6.36] AndroidManifest.xml:37:13-61
59-->[com.razorpay:checkout:1.6.36] AndroidManifest.xml:37:21-58
60        </intent>
61    </queries>
62
63    <uses-permission android:name="android.permission.POST_NOTIFICATIONS" /> <!-- Required by older versions of Google Play services to create IID tokens -->
63-->[com.google.firebase:firebase-messaging:23.1.2] AndroidManifest.xml:25:5-77
63-->[com.google.firebase:firebase-messaging:23.1.2] AndroidManifest.xml:25:22-74
64    <uses-permission android:name="com.google.android.c2dm.permission.RECEIVE" />
64-->[com.google.firebase:firebase-messaging:23.1.2] AndroidManifest.xml:28:5-82
64-->[com.google.firebase:firebase-messaging:23.1.2] AndroidManifest.xml:28:22-79
65
66    <uses-feature
66-->[com.google.android.gms:play-services-maps:17.0.0] AndroidManifest.xml:26:5-28:35
67        android:glEsVersion="0x00020000"
67-->[com.google.android.gms:play-services-maps:17.0.0] AndroidManifest.xml:27:9-41
68        android:required="true" />
68-->[com.google.android.gms:play-services-maps:17.0.0] AndroidManifest.xml:28:9-32
69
70    <uses-permission android:name="android.permission.RECEIVE_BOOT_COMPLETED" />
70-->[androidx.work:work-runtime:2.8.0] AndroidManifest.xml:25:5-81
70-->[androidx.work:work-runtime:2.8.0] AndroidManifest.xml:25:22-78
71    <uses-permission android:name="android.permission.FOREGROUND_SERVICE" />
71-->[androidx.work:work-runtime:2.8.0] AndroidManifest.xml:26:5-77
71-->[androidx.work:work-runtime:2.8.0] AndroidManifest.xml:26:22-74
72
73    <permission
73-->[androidx.core:core:1.9.0] AndroidManifest.xml:22:5-24:47
74        android:name="com.demoapp.DYNAMIC_RECEIVER_NOT_EXPORTED_PERMISSION"
74-->[androidx.core:core:1.9.0] AndroidManifest.xml:23:9-81
75        android:protectionLevel="signature" />
75-->[androidx.core:core:1.9.0] AndroidManifest.xml:24:9-44
76
77    <uses-permission android:name="com.demoapp.DYNAMIC_RECEIVER_NOT_EXPORTED_PERMISSION" />
77-->[androidx.core:core:1.9.0] AndroidManifest.xml:26:5-97
77-->[androidx.core:core:1.9.0] AndroidManifest.xml:26:22-94
78    <uses-permission android:name="android.permission.VIBRATE" />
78-->[app.notifee:core:202108261754] AndroidManifest.xml:13:5-66
78-->[app.notifee:core:202108261754] AndroidManifest.xml:13:22-63
79    <uses-permission android:name="android.permission.USE_FULL_SCREEN_INTENT" />
79-->[app.notifee:core:202108261754] AndroidManifest.xml:16:5-81
79-->[app.notifee:core:202108261754] AndroidManifest.xml:16:22-78
80    <uses-permission android:name="android.permission.SCHEDULE_EXACT_ALARM" />
80-->[app.notifee:core:202108261754] AndroidManifest.xml:17:5-79
80-->[app.notifee:core:202108261754] AndroidManifest.xml:17:22-76
81    <uses-permission
81-->[app.notifee:core:202108261754] AndroidManifest.xml:18:5-20:38
82        android:name="android.permission.BROADCAST_CLOSE_SYSTEM_DIALOGS"
82-->[app.notifee:core:202108261754] AndroidManifest.xml:19:9-73
83        android:maxSdkVersion="30" /> <!-- For Xiaomi devices to enable heads-up notifications as default (https://github.com/invertase/notifee/issues/296) -->
83-->[app.notifee:core:202108261754] AndroidManifest.xml:20:9-35
84    <uses-permission
84-->[app.notifee:core:202108261754] AndroidManifest.xml:22:5-24:38
85        android:name="android.permission.ACCESS_NOTIFICATION_POLICY"
85-->[app.notifee:core:202108261754] AndroidManifest.xml:23:9-69
86        android:minSdkVersion="23" />
86-->[app.notifee:core:202108261754] AndroidManifest.xml:24:9-35
87
88    <application
88-->src\main\AndroidManifest.xml:11:5-30:19
89        android:name="com.demoapp.MainApplication"
89-->src\main\AndroidManifest.xml:12:7-38
90        android:allowBackup="false"
90-->src\main\AndroidManifest.xml:16:7-34
91        android:appComponentFactory="androidx.core.app.CoreComponentFactory"
91-->[androidx.core:core:1.9.0] AndroidManifest.xml:28:18-86
92        android:icon="@mipmap/ic_launcher"
92-->src\main\AndroidManifest.xml:14:7-41
93        android:label="@string/app_name"
93-->src\main\AndroidManifest.xml:13:7-39
94        android:roundIcon="@mipmap/ic_launcher_round"
94-->src\main\AndroidManifest.xml:15:7-52
95        android:theme="@style/AppTheme" >
95-->src\main\AndroidManifest.xml:17:7-38
96        <activity
96-->src\main\AndroidManifest.xml:18:7-29:18
97            android:name="com.demoapp.MainActivity"
97-->src\main\AndroidManifest.xml:19:9-37
98            android:configChanges="keyboard|keyboardHidden|orientation|screenLayout|screenSize|smallestScreenSize|uiMode"
98-->src\main\AndroidManifest.xml:21:9-118
99            android:exported="true"
99-->src\main\AndroidManifest.xml:24:9-32
100            android:label="@string/app_name"
100-->src\main\AndroidManifest.xml:20:9-41
101            android:launchMode="singleTask"
101-->src\main\AndroidManifest.xml:22:9-40
102            android:windowSoftInputMode="adjustResize" >
102-->src\main\AndroidManifest.xml:23:9-51
103            <intent-filter>
103-->src\main\AndroidManifest.xml:25:9-28:25
104                <action android:name="android.intent.action.MAIN" />
104-->src\main\AndroidManifest.xml:26:13-65
104-->src\main\AndroidManifest.xml:26:21-62
105
106                <category android:name="android.intent.category.LAUNCHER" />
106-->src\main\AndroidManifest.xml:27:13-73
106-->src\main\AndroidManifest.xml:27:23-70
107            </intent-filter>
108        </activity>
109
110        <provider
110-->[:notifee_react-native] AndroidManifest.xml:10:9-14:40
111            android:name="io.invertase.notifee.NotifeeInitProvider"
111-->[:notifee_react-native] AndroidManifest.xml:11:13-68
112            android:authorities="com.demoapp.notifee-init-provider"
112-->[:notifee_react-native] AndroidManifest.xml:12:13-73
113            android:exported="false"
113-->[:notifee_react-native] AndroidManifest.xml:13:13-37
114            android:initOrder="-100" />
114-->[:notifee_react-native] AndroidManifest.xml:14:13-37
115
116        <service
116-->[:react-native-firebase_messaging] AndroidManifest.xml:14:9-16:40
117            android:name="io.invertase.firebase.messaging.ReactNativeFirebaseMessagingHeadlessService"
117-->[:react-native-firebase_messaging] AndroidManifest.xml:15:13-103
118            android:exported="false" />
118-->[:react-native-firebase_messaging] AndroidManifest.xml:16:13-37
119        <service
119-->[:react-native-firebase_messaging] AndroidManifest.xml:17:9-23:19
120            android:name="io.invertase.firebase.messaging.ReactNativeFirebaseMessagingService"
120-->[:react-native-firebase_messaging] AndroidManifest.xml:18:13-95
121            android:exported="false" >
121-->[:react-native-firebase_messaging] AndroidManifest.xml:19:13-37
122            <intent-filter>
122-->[:react-native-firebase_messaging] AndroidManifest.xml:20:13-22:29
123                <action android:name="com.google.firebase.MESSAGING_EVENT" />
123-->[:react-native-firebase_messaging] AndroidManifest.xml:21:17-78
123-->[:react-native-firebase_messaging] AndroidManifest.xml:21:25-75
124            </intent-filter>
125        </service>
126
127        <receiver
127-->[:react-native-firebase_messaging] AndroidManifest.xml:25:9-32:20
128            android:name="io.invertase.firebase.messaging.ReactNativeFirebaseMessagingReceiver"
128-->[:react-native-firebase_messaging] AndroidManifest.xml:26:13-96
129            android:exported="true"
129-->[:react-native-firebase_messaging] AndroidManifest.xml:27:13-36
130            android:permission="com.google.android.c2dm.permission.SEND" >
130-->[:react-native-firebase_messaging] AndroidManifest.xml:28:13-73
131            <intent-filter>
131-->[:react-native-firebase_messaging] AndroidManifest.xml:29:13-31:29
132                <action android:name="com.google.android.c2dm.intent.RECEIVE" />
132-->[:react-native-firebase_messaging] AndroidManifest.xml:30:17-81
132-->[:react-native-firebase_messaging] AndroidManifest.xml:30:25-78
133            </intent-filter>
134        </receiver>
135
136        <meta-data
136-->[:react-native-firebase_messaging] AndroidManifest.xml:34:9-36:36
137            android:name="firebase_messaging_auto_init_enabled"
137-->[:react-native-firebase_messaging] AndroidManifest.xml:35:13-64
138            android:value="true" />
138-->[:react-native-firebase_messaging] AndroidManifest.xml:36:13-33
139        <meta-data
139-->[:react-native-firebase_messaging] AndroidManifest.xml:37:9-39:32
140            android:name="com.google.firebase.messaging.default_notification_channel_id"
140-->[:react-native-firebase_messaging] AndroidManifest.xml:38:13-89
141            android:value="" />
141-->[:react-native-firebase_messaging] AndroidManifest.xml:39:13-29
142        <meta-data
142-->[:react-native-firebase_messaging] AndroidManifest.xml:40:9-42:47
143            android:name="com.google.firebase.messaging.default_notification_color"
143-->[:react-native-firebase_messaging] AndroidManifest.xml:41:13-84
144            android:resource="@color/white" />
144-->[:react-native-firebase_messaging] AndroidManifest.xml:42:13-44
145        <meta-data
145-->[:react-native-firebase_app] AndroidManifest.xml:11:9-13:36
146            android:name="app_data_collection_default_enabled"
146-->[:react-native-firebase_app] AndroidManifest.xml:12:13-63
147            android:value="true" />
147-->[:react-native-firebase_app] AndroidManifest.xml:13:13-33
148
149        <service
149-->[:react-native-firebase_app] AndroidManifest.xml:15:9-23:19
150            android:name="com.google.firebase.components.ComponentDiscoveryService"
150-->[:react-native-firebase_app] AndroidManifest.xml:16:13-84
151            android:directBootAware="true"
151-->[:react-native-firebase_app] AndroidManifest.xml:17:13-43
152            android:exported="false" >
152-->[:react-native-firebase_app] AndroidManifest.xml:18:13-37
153            <meta-data
153-->[:react-native-firebase_app] AndroidManifest.xml:20:13-22:85
154                android:name="com.google.firebase.components:io.invertase.firebase.app.ReactNativeFirebaseAppRegistrar"
154-->[:react-native-firebase_app] AndroidManifest.xml:21:17-120
155                android:value="com.google.firebase.components.ComponentRegistrar" />
155-->[:react-native-firebase_app] AndroidManifest.xml:22:17-82
156            <meta-data
156-->[com.google.firebase:firebase-messaging:23.1.2] AndroidManifest.xml:55:13-57:85
157                android:name="com.google.firebase.components:com.google.firebase.messaging.FirebaseMessagingRegistrar"
157-->[com.google.firebase:firebase-messaging:23.1.2] AndroidManifest.xml:56:17-119
158                android:value="com.google.firebase.components.ComponentRegistrar" />
158-->[com.google.firebase:firebase-messaging:23.1.2] AndroidManifest.xml:57:17-82
159            <meta-data
159-->[com.google.firebase:firebase-datatransport:18.1.7] AndroidManifest.xml:27:13-29:85
160                android:name="com.google.firebase.components:com.google.firebase.datatransport.TransportRegistrar"
160-->[com.google.firebase:firebase-datatransport:18.1.7] AndroidManifest.xml:28:17-115
161                android:value="com.google.firebase.components.ComponentRegistrar" />
161-->[com.google.firebase:firebase-datatransport:18.1.7] AndroidManifest.xml:29:17-82
162            <meta-data
162-->[com.google.firebase:firebase-auth:22.0.0] AndroidManifest.xml:69:13-71:85
163                android:name="com.google.firebase.components:com.google.firebase.auth.FirebaseAuthRegistrar"
163-->[com.google.firebase:firebase-auth:22.0.0] AndroidManifest.xml:70:17-109
164                android:value="com.google.firebase.components.ComponentRegistrar" />
164-->[com.google.firebase:firebase-auth:22.0.0] AndroidManifest.xml:71:17-82
165            <meta-data
165-->[com.google.firebase:firebase-firestore:24.6.1] AndroidManifest.xml:19:13-21:85
166                android:name="com.google.firebase.components:com.google.firebase.firestore.FirestoreRegistrar"
166-->[com.google.firebase:firebase-firestore:24.6.1] AndroidManifest.xml:20:17-111
167                android:value="com.google.firebase.components.ComponentRegistrar" />
167-->[com.google.firebase:firebase-firestore:24.6.1] AndroidManifest.xml:21:17-82
168            <meta-data
168-->[com.google.firebase:firebase-storage:20.2.0] AndroidManifest.xml:32:13-34:85
169                android:name="com.google.firebase.components:com.google.firebase.storage.StorageRegistrar"
169-->[com.google.firebase:firebase-storage:20.2.0] AndroidManifest.xml:33:17-107
170                android:value="com.google.firebase.components.ComponentRegistrar" />
170-->[com.google.firebase:firebase-storage:20.2.0] AndroidManifest.xml:34:17-82
171            <meta-data
171-->[com.google.firebase:firebase-installations:17.1.3] AndroidManifest.xml:17:13-19:85
172                android:name="com.google.firebase.components:com.google.firebase.installations.FirebaseInstallationsRegistrar"
172-->[com.google.firebase:firebase-installations:17.1.3] AndroidManifest.xml:18:17-127
173                android:value="com.google.firebase.components.ComponentRegistrar" />
173-->[com.google.firebase:firebase-installations:17.1.3] AndroidManifest.xml:19:17-82
174        </service>
175
176        <provider
176-->[:react-native-firebase_app] AndroidManifest.xml:25:9-29:38
177            android:name="io.invertase.firebase.app.ReactNativeFirebaseAppInitProvider"
177-->[:react-native-firebase_app] AndroidManifest.xml:26:13-88
178            android:authorities="com.demoapp.reactnativefirebaseappinitprovider"
178-->[:react-native-firebase_app] AndroidManifest.xml:27:13-86
179            android:exported="false"
179-->[:react-native-firebase_app] AndroidManifest.xml:28:13-37
180            android:initOrder="99" />
180-->[:react-native-firebase_app] AndroidManifest.xml:29:13-35
181        <provider
181-->[:react-native-image-crop-picker] AndroidManifest.xml:18:9-26:20
182            android:name="com.reactnative.ivpusic.imagepicker.IvpusicImagePickerFileProvider"
182-->[:react-native-image-crop-picker] AndroidManifest.xml:19:13-94
183            android:authorities="com.demoapp.provider"
183-->[:react-native-image-crop-picker] AndroidManifest.xml:20:13-60
184            android:exported="false"
184-->[:react-native-image-crop-picker] AndroidManifest.xml:21:13-37
185            android:grantUriPermissions="true" >
185-->[:react-native-image-crop-picker] AndroidManifest.xml:22:13-47
186            <meta-data
186-->[:react-native-image-crop-picker] AndroidManifest.xml:23:13-25:78
187                android:name="android.support.FILE_PROVIDER_PATHS"
187-->[:react-native-image-crop-picker] AndroidManifest.xml:24:17-67
188                android:resource="@xml/ivpusic_imagepicker_provider_paths" />
188-->[:react-native-image-crop-picker] AndroidManifest.xml:25:17-75
189        </provider>
190
191        <activity
191-->[:react-native-image-crop-picker] AndroidManifest.xml:28:9-30:72
192            android:name="com.yalantis.ucrop.UCropActivity"
192-->[:react-native-image-crop-picker] AndroidManifest.xml:29:13-60
193            android:theme="@style/Theme.AppCompat.Light.NoActionBar" />
193-->[:react-native-image-crop-picker] AndroidManifest.xml:30:13-69
194
195        <provider
195-->[:react-native-image-picker] AndroidManifest.xml:10:9-18:20
196            android:name="com.imagepicker.ImagePickerProvider"
196-->[:react-native-image-picker] AndroidManifest.xml:11:13-63
197            android:authorities="com.demoapp.imagepickerprovider"
197-->[:react-native-image-picker] AndroidManifest.xml:12:13-71
198            android:exported="false"
198-->[:react-native-image-picker] AndroidManifest.xml:13:13-37
199            android:grantUriPermissions="true" >
199-->[:react-native-image-picker] AndroidManifest.xml:14:13-47
200            <meta-data
200-->[:react-native-image-crop-picker] AndroidManifest.xml:23:13-25:78
201                android:name="android.support.FILE_PROVIDER_PATHS"
201-->[:react-native-image-crop-picker] AndroidManifest.xml:24:17-67
202                android:resource="@xml/imagepicker_provider_paths" />
202-->[:react-native-image-crop-picker] AndroidManifest.xml:25:17-75
203        </provider>
204
205        <activity
205-->[:react-native-razorpay] AndroidManifest.xml:10:9-12:86
206            android:name="com.razorpay.CheckoutActivity"
206-->[:react-native-razorpay] AndroidManifest.xml:11:13-57
207            android:configChanges="keyboard|keyboardHidden|orientation|screenSize"
207-->[:react-native-razorpay] AndroidManifest.xml:12:13-83
208            android:exported="false"
208-->[com.razorpay:checkout:1.6.36] AndroidManifest.xml:54:13-37
209            android:theme="@style/CheckoutTheme" >
209-->[com.razorpay:checkout:1.6.36] AndroidManifest.xml:55:13-49
210            <intent-filter>
210-->[com.razorpay:checkout:1.6.36] AndroidManifest.xml:56:13-58:29
211                <action android:name="android.intent.action.MAIN" />
211-->src\main\AndroidManifest.xml:26:13-65
211-->src\main\AndroidManifest.xml:26:21-62
212            </intent-filter>
213        </activity>
214
215        <receiver
215-->[com.google.firebase:firebase-messaging:23.1.2] AndroidManifest.xml:31:9-38:20
216            android:name="com.google.firebase.iid.FirebaseInstanceIdReceiver"
216-->[com.google.firebase:firebase-messaging:23.1.2] AndroidManifest.xml:32:13-78
217            android:exported="true"
217-->[com.google.firebase:firebase-messaging:23.1.2] AndroidManifest.xml:33:13-36
218            android:permission="com.google.android.c2dm.permission.SEND" >
218-->[com.google.firebase:firebase-messaging:23.1.2] AndroidManifest.xml:34:13-73
219            <intent-filter>
219-->[:react-native-firebase_messaging] AndroidManifest.xml:29:13-31:29
220                <action android:name="com.google.android.c2dm.intent.RECEIVE" />
220-->[:react-native-firebase_messaging] AndroidManifest.xml:30:17-81
220-->[:react-native-firebase_messaging] AndroidManifest.xml:30:25-78
221            </intent-filter>
222        </receiver>
223        <!--
224             FirebaseMessagingService performs security checks at runtime,
225             but set to not exported to explicitly avoid allowing another app to call it.
226        -->
227        <service
227-->[com.google.firebase:firebase-messaging:23.1.2] AndroidManifest.xml:44:9-51:19
228            android:name="com.google.firebase.messaging.FirebaseMessagingService"
228-->[com.google.firebase:firebase-messaging:23.1.2] AndroidManifest.xml:45:13-82
229            android:directBootAware="true"
229-->[com.google.firebase:firebase-messaging:23.1.2] AndroidManifest.xml:46:13-43
230            android:exported="false" >
230-->[com.google.firebase:firebase-messaging:23.1.2] AndroidManifest.xml:47:13-37
231            <intent-filter android:priority="-500" >
231-->[:react-native-firebase_messaging] AndroidManifest.xml:20:13-22:29
232                <action android:name="com.google.firebase.MESSAGING_EVENT" />
232-->[:react-native-firebase_messaging] AndroidManifest.xml:21:17-78
232-->[:react-native-firebase_messaging] AndroidManifest.xml:21:25-75
233            </intent-filter>
234        </service>
235        <service
235-->[com.google.android.datatransport:transport-backend-cct:3.1.8] AndroidManifest.xml:28:9-34:19
236            android:name="com.google.android.datatransport.runtime.backends.TransportBackendDiscovery"
236-->[com.google.android.datatransport:transport-backend-cct:3.1.8] AndroidManifest.xml:29:13-103
237            android:exported="false" >
237-->[com.google.android.datatransport:transport-backend-cct:3.1.8] AndroidManifest.xml:30:13-37
238            <meta-data
238-->[com.google.android.datatransport:transport-backend-cct:3.1.8] AndroidManifest.xml:31:13-33:39
239                android:name="backend:com.google.android.datatransport.cct.CctBackendFactory"
239-->[com.google.android.datatransport:transport-backend-cct:3.1.8] AndroidManifest.xml:32:17-94
240                android:value="cct" />
240-->[com.google.android.datatransport:transport-backend-cct:3.1.8] AndroidManifest.xml:33:17-36
241        </service>
242        <service
242-->[com.google.android.datatransport:transport-runtime:3.1.8] AndroidManifest.xml:26:9-30:19
243            android:name="com.google.android.datatransport.runtime.scheduling.jobscheduling.JobInfoSchedulerService"
243-->[com.google.android.datatransport:transport-runtime:3.1.8] AndroidManifest.xml:27:13-117
244            android:exported="false"
244-->[com.google.android.datatransport:transport-runtime:3.1.8] AndroidManifest.xml:28:13-37
245            android:permission="android.permission.BIND_JOB_SERVICE" >
245-->[com.google.android.datatransport:transport-runtime:3.1.8] AndroidManifest.xml:29:13-69
246        </service>
247
248        <receiver
248-->[com.google.android.datatransport:transport-runtime:3.1.8] AndroidManifest.xml:32:9-34:40
249            android:name="com.google.android.datatransport.runtime.scheduling.jobscheduling.AlarmManagerSchedulerBroadcastReceiver"
249-->[com.google.android.datatransport:transport-runtime:3.1.8] AndroidManifest.xml:33:13-132
250            android:exported="false" />
250-->[com.google.android.datatransport:transport-runtime:3.1.8] AndroidManifest.xml:34:13-37
251
252        <activity
252-->[com.google.firebase:firebase-auth:22.0.0] AndroidManifest.xml:29:9-46:20
253            android:name="com.google.firebase.auth.internal.GenericIdpActivity"
253-->[com.google.firebase:firebase-auth:22.0.0] AndroidManifest.xml:30:13-80
254            android:excludeFromRecents="true"
254-->[com.google.firebase:firebase-auth:22.0.0] AndroidManifest.xml:31:13-46
255            android:exported="true"
255-->[com.google.firebase:firebase-auth:22.0.0] AndroidManifest.xml:32:13-36
256            android:launchMode="singleTask"
256-->[com.google.firebase:firebase-auth:22.0.0] AndroidManifest.xml:33:13-44
257            android:theme="@android:style/Theme.Translucent.NoTitleBar" >
257-->[com.google.firebase:firebase-auth:22.0.0] AndroidManifest.xml:34:13-72
258            <intent-filter>
258-->[com.google.firebase:firebase-auth:22.0.0] AndroidManifest.xml:35:13-45:29
259                <action android:name="android.intent.action.VIEW" />
259-->[com.google.firebase:firebase-auth:22.0.0] AndroidManifest.xml:36:17-69
259-->[com.google.firebase:firebase-auth:22.0.0] AndroidManifest.xml:36:25-66
260
261                <category android:name="android.intent.category.DEFAULT" />
261-->[com.google.firebase:firebase-auth:22.0.0] AndroidManifest.xml:38:17-76
261-->[com.google.firebase:firebase-auth:22.0.0] AndroidManifest.xml:38:27-73
262                <category android:name="android.intent.category.BROWSABLE" />
262-->[com.google.firebase:firebase-auth:22.0.0] AndroidManifest.xml:39:17-78
262-->[com.google.firebase:firebase-auth:22.0.0] AndroidManifest.xml:39:27-75
263
264                <data
264-->[com.google.firebase:firebase-auth:22.0.0] AndroidManifest.xml:41:17-44:51
265                    android:host="firebase.auth"
265-->[com.google.firebase:firebase-auth:22.0.0] AndroidManifest.xml:42:21-49
266                    android:path="/"
266-->[com.google.firebase:firebase-auth:22.0.0] AndroidManifest.xml:43:21-37
267                    android:scheme="genericidp" />
267-->[com.google.firebase:firebase-auth:22.0.0] AndroidManifest.xml:44:21-48
268            </intent-filter>
269        </activity>
270        <activity
270-->[com.google.firebase:firebase-auth:22.0.0] AndroidManifest.xml:47:9-64:20
271            android:name="com.google.firebase.auth.internal.RecaptchaActivity"
271-->[com.google.firebase:firebase-auth:22.0.0] AndroidManifest.xml:48:13-79
272            android:excludeFromRecents="true"
272-->[com.google.firebase:firebase-auth:22.0.0] AndroidManifest.xml:49:13-46
273            android:exported="true"
273-->[com.google.firebase:firebase-auth:22.0.0] AndroidManifest.xml:50:13-36
274            android:launchMode="singleTask"
274-->[com.google.firebase:firebase-auth:22.0.0] AndroidManifest.xml:51:13-44
275            android:theme="@android:style/Theme.Translucent.NoTitleBar" >
275-->[com.google.firebase:firebase-auth:22.0.0] AndroidManifest.xml:52:13-72
276            <intent-filter>
276-->[com.google.firebase:firebase-auth:22.0.0] AndroidManifest.xml:53:13-63:29
277                <action android:name="android.intent.action.VIEW" />
277-->[com.google.firebase:firebase-auth:22.0.0] AndroidManifest.xml:36:17-69
277-->[com.google.firebase:firebase-auth:22.0.0] AndroidManifest.xml:36:25-66
278
279                <category android:name="android.intent.category.DEFAULT" />
279-->[com.google.firebase:firebase-auth:22.0.0] AndroidManifest.xml:38:17-76
279-->[com.google.firebase:firebase-auth:22.0.0] AndroidManifest.xml:38:27-73